<?xml version="1.0" encoding="UTF-8"?>
<!-- Generated by org.testng.reporters.JUnitReportReporter -->
<testsuite hostname="DESKTOP-122R1QE" failures="0" tests="2" name="Git.TestCase1.App" time="5.431" errors="0" timestamp="28 Mar 2020 20:23:45 GMT" skipped="0">
  <testcase classname="Git.TestCase1.App" name="OpenAUT" time="4.858"/>
  <testcase classname="Git.TestCase1.App" name="SelectCourse" time="0.573"/>
</testsuite> <!-- Git.TestCase1.App -->
