<?xml version="1.0" encoding="UTF-8"?>
<!-- Generated by org.testng.reporters.JUnitReportReporter -->
<testsuite hostname="DESKTOP-122R1QE" failures="0" tests="2" name="Git.TestCase1.App" time="3.364" errors="0" timestamp="26 Mar 2020 20:10:21 GMT" skipped="0">
  <testcase classname="Git.TestCase1.App" name="OpenAUT" time="2.635"/>
  <testcase classname="Git.TestCase1.App" name="SelectCourse" time="0.729"/>
</testsuite> <!-- Git.TestCase1.App -->
